0 info it worked if it ends with ok
1 verbose cli [ '/usr/bin/node', '/usr/bin/npm', 'publish' ]
2 info using npm@1.3.11
3 info using node@v0.10.21
4 verbose node symlink /usr/bin/node
5 verbose publish [ '.' ]
6 verbose cache add [ '.', null ]
7 verbose cache add name=undefined spec="." args=[".",null]
8 verbose parsed url { protocol: null,
8 verbose parsed url   slashes: null,
8 verbose parsed url   auth: null,
8 verbose parsed url   host: null,
8 verbose parsed url   port: null,
8 verbose parsed url   hostname: null,
8 verbose parsed url   hash: null,
8 verbose parsed url   search: null,
8 verbose parsed url   query: null,
8 verbose parsed url   pathname: '.',
8 verbose parsed url   path: '.',
8 verbose parsed url   href: '.' }
9 silly lockFile 3a52ce78- .
10 verbose lock . /home/brian/.npm/3a52ce78-.lock
11 verbose tar pack [ '/home/brian/tmp/npm-5761-CN2tJW2d/1388560545884-0.786459163762629/tmp.tgz',
11 verbose tar pack   '.' ]
12 verbose tarball /home/brian/tmp/npm-5761-CN2tJW2d/1388560545884-0.786459163762629/tmp.tgz
13 verbose folder .
14 silly lockFile 1f1177db-tar tar://.
15 verbose lock tar://. /home/brian/.npm/1f1177db-tar.lock
16 silly lockFile 04830c0a-545884-0-786459163762629-tmp-tgz tar:///home/brian/tmp/npm-5761-CN2tJW2d/1388560545884-0.786459163762629/tmp.tgz
17 verbose lock tar:///home/brian/tmp/npm-5761-CN2tJW2d/1388560545884-0.786459163762629/tmp.tgz /home/brian/.npm/04830c0a-545884-0-786459163762629-tmp-tgz.lock
18 silly lockFile 1f1177db-tar tar://.
19 silly lockFile 1f1177db-tar tar://.
20 silly lockFile 04830c0a-545884-0-786459163762629-tmp-tgz tar:///home/brian/tmp/npm-5761-CN2tJW2d/1388560545884-0.786459163762629/tmp.tgz
21 silly lockFile 04830c0a-545884-0-786459163762629-tmp-tgz tar:///home/brian/tmp/npm-5761-CN2tJW2d/1388560545884-0.786459163762629/tmp.tgz
22 verbose tar unpack /home/brian/tmp/npm-5761-CN2tJW2d/1388560545884-0.786459163762629/tmp.tgz
23 silly lockFile 8509e67b-545884-0-786459163762629-package tar:///home/brian/tmp/npm-5761-CN2tJW2d/1388560545884-0.786459163762629/package
24 verbose lock tar:///home/brian/tmp/npm-5761-CN2tJW2d/1388560545884-0.786459163762629/package /home/brian/.npm/8509e67b-545884-0-786459163762629-package.lock
25 silly lockFile 04830c0a-545884-0-786459163762629-tmp-tgz tar:///home/brian/tmp/npm-5761-CN2tJW2d/1388560545884-0.786459163762629/tmp.tgz
26 verbose lock tar:///home/brian/tmp/npm-5761-CN2tJW2d/1388560545884-0.786459163762629/tmp.tgz /home/brian/.npm/04830c0a-545884-0-786459163762629-tmp-tgz.lock
27 silly gunzTarPerm modes [ '755', '644' ]
28 silly gunzTarPerm extractEntry package.json
29 silly gunzTarPerm extractEntry .npmignore
30 silly gunzTarPerm extractEntry README.md
31 silly gunzTarPerm extractEntry paginator.js
32 silly gunzTarPerm extractEntry test.js
33 silly gunzTarPerm extractEntry LICENSE.md
34 silly lockFile 8509e67b-545884-0-786459163762629-package tar:///home/brian/tmp/npm-5761-CN2tJW2d/1388560545884-0.786459163762629/package
35 silly lockFile 8509e67b-545884-0-786459163762629-package tar:///home/brian/tmp/npm-5761-CN2tJW2d/1388560545884-0.786459163762629/package
36 silly lockFile 04830c0a-545884-0-786459163762629-tmp-tgz tar:///home/brian/tmp/npm-5761-CN2tJW2d/1388560545884-0.786459163762629/tmp.tgz
37 silly lockFile 04830c0a-545884-0-786459163762629-tmp-tgz tar:///home/brian/tmp/npm-5761-CN2tJW2d/1388560545884-0.786459163762629/tmp.tgz
38 verbose tar pack [ '/home/brian/.npm/paginatorjs/0.0.0/package.tgz',
38 verbose tar pack   '/home/brian/tmp/npm-5761-CN2tJW2d/1388560545884-0.786459163762629/package' ]
39 verbose tarball /home/brian/.npm/paginatorjs/0.0.0/package.tgz
40 verbose folder /home/brian/tmp/npm-5761-CN2tJW2d/1388560545884-0.786459163762629/package
41 silly lockFile 8509e67b-545884-0-786459163762629-package tar:///home/brian/tmp/npm-5761-CN2tJW2d/1388560545884-0.786459163762629/package
42 verbose lock tar:///home/brian/tmp/npm-5761-CN2tJW2d/1388560545884-0.786459163762629/package /home/brian/.npm/8509e67b-545884-0-786459163762629-package.lock
43 silly lockFile 1f0d0fbe-pm-paginatorjs-0-0-0-package-tgz tar:///home/brian/.npm/paginatorjs/0.0.0/package.tgz
44 verbose lock tar:///home/brian/.npm/paginatorjs/0.0.0/package.tgz /home/brian/.npm/1f0d0fbe-pm-paginatorjs-0-0-0-package-tgz.lock
45 silly lockFile 8509e67b-545884-0-786459163762629-package tar:///home/brian/tmp/npm-5761-CN2tJW2d/1388560545884-0.786459163762629/package
46 silly lockFile 8509e67b-545884-0-786459163762629-package tar:///home/brian/tmp/npm-5761-CN2tJW2d/1388560545884-0.786459163762629/package
47 silly lockFile 1f0d0fbe-pm-paginatorjs-0-0-0-package-tgz tar:///home/brian/.npm/paginatorjs/0.0.0/package.tgz
48 silly lockFile 1f0d0fbe-pm-paginatorjs-0-0-0-package-tgz tar:///home/brian/.npm/paginatorjs/0.0.0/package.tgz
49 silly lockFile 0334211f-an-npm-paginatorjs-0-0-0-package /home/brian/.npm/paginatorjs/0.0.0/package
50 verbose lock /home/brian/.npm/paginatorjs/0.0.0/package /home/brian/.npm/0334211f-an-npm-paginatorjs-0-0-0-package.lock
51 silly lockFile 0334211f-an-npm-paginatorjs-0-0-0-package /home/brian/.npm/paginatorjs/0.0.0/package
52 silly lockFile 0334211f-an-npm-paginatorjs-0-0-0-package /home/brian/.npm/paginatorjs/0.0.0/package
53 verbose tar unpack /home/brian/.npm/paginatorjs/0.0.0/package.tgz
54 silly lockFile 1824e375-an-npm-paginatorjs-0-0-0-package tar:///home/brian/.npm/paginatorjs/0.0.0/package
55 verbose lock tar:///home/brian/.npm/paginatorjs/0.0.0/package /home/brian/.npm/1824e375-an-npm-paginatorjs-0-0-0-package.lock
56 silly lockFile 1f0d0fbe-pm-paginatorjs-0-0-0-package-tgz tar:///home/brian/.npm/paginatorjs/0.0.0/package.tgz
57 verbose lock tar:///home/brian/.npm/paginatorjs/0.0.0/package.tgz /home/brian/.npm/1f0d0fbe-pm-paginatorjs-0-0-0-package-tgz.lock
58 silly gunzTarPerm modes [ '755', '644' ]
59 silly gunzTarPerm extractEntry package.json
60 silly gunzTarPerm extractEntry .npmignore
61 silly gunzTarPerm extractEntry README.md
62 silly gunzTarPerm extractEntry paginator.js
63 silly gunzTarPerm extractEntry test.js
64 silly gunzTarPerm extractEntry LICENSE.md
65 silly lockFile 1824e375-an-npm-paginatorjs-0-0-0-package tar:///home/brian/.npm/paginatorjs/0.0.0/package
66 silly lockFile 1824e375-an-npm-paginatorjs-0-0-0-package tar:///home/brian/.npm/paginatorjs/0.0.0/package
67 silly lockFile 1f0d0fbe-pm-paginatorjs-0-0-0-package-tgz tar:///home/brian/.npm/paginatorjs/0.0.0/package.tgz
68 silly lockFile 1f0d0fbe-pm-paginatorjs-0-0-0-package-tgz tar:///home/brian/.npm/paginatorjs/0.0.0/package.tgz
69 verbose chmod /home/brian/.npm/paginatorjs/0.0.0/package.tgz 644
70 verbose chown /home/brian/.npm/paginatorjs/0.0.0/package.tgz [ 1000, 1000 ]
71 silly lockFile 3a52ce78- .
72 silly lockFile 3a52ce78- .
73 silly publish { name: 'paginatorjs',
73 silly publish   version: '0.0.0',
73 silly publish   description: 'paginator facade for node',
73 silly publish   main: 'paginator.js',
73 silly publish   scripts: { test: 'nodeunit test.js' },
73 silly publish   repository: { type: 'git', url: 'https://github.com/DubFriend/paginator' },
73 silly publish   keywords: [ 'pagination', 'node', 'express' ],
73 silly publish   author:
73 silly publish    { name: 'Brian Detering',
73 silly publish      email: 'BDeterin@gmail.com',
73 silly publish      url: 'http://www.briandetering.net/' },
73 silly publish   license: 'MIT',
73 silly publish   bugs: { url: 'https://github.com/DubFriend/paginator/issues' },
73 silly publish   dependencies: { q: '~0.9.7' },
73 silly publish   devDependencies: { underscore: '~1.5.2', nodeunit: '~0.8.2' },
73 silly publish   readme: '#Paginator\n##Pagination facade for node\n\ninstall via npm `npm install --save paginatorjs`\n\n###Create a paginator object.\n```javascript\npaginator = require(\'paginator\')({\n    get: function (start, numberOfResults, done, error) {\n        if(start > 8) {\n            error({\n                message: \'test getPage error\'\n            });\n        }\n        else {\n            done(_.range(8).splice(start, numberOfResults));\n        }\n    },\n    count: function (done, error) {\n        if(throwCountError) {\n            error({\n                message: \'test getNumberOfPages error\'\n            });\n        }\n        else {\n            done(8);\n        }\n    },\n    resultsPerPage: 3\n});\n```\n\n###promise getPage(pageNumber, successCallback, errorCallback)\n```javascript\npaginator.getPage(\n    1,\n    function (results) {\n        test.deepEqual(results, [0, 1, 2]);\n    },\n    function (err) {\n        test.deepEqual(err, { message: \'test getPage error\' });\n    }\n);\n```\n\n###promise getNumberOfPages(successCallback, errorCallback)\n```javascript\npaginator.getNumberOfPages(\n    function (numberOfPages) {\n        test.deepEqual(numberOfPages, 3);\n    },\n    function (err) {\n        test.deepEqual(err, { message: \'test getNumberOfPages error\' });\n    }\n);\n```\n\nBoth methods can alternatively be used with Q promises\n```javascript\npaginator.getPage(1)\n.then(function (results) {\n    test.deepEqual(results, [0, 1, 2]);\n})\n.catch(function (err) {\n    test.deepEqual(err, { message: \'test getPage error\' });\n});\n```\n',
73 silly publish   readmeFilename: 'README.md',
73 silly publish   _id: 'paginatorjs@0.0.0',
73 silly publish   dist: { shasum: '213bd28ed6c4c45abbf566e81c1b3bb791fc0284' },
73 silly publish   _from: '.' }
74 verbose url raw paginatorjs
75 verbose url resolving [ 'https://registry.npmjs.org/', './paginatorjs' ]
76 verbose url resolved https://registry.npmjs.org/paginatorjs
77 info trying registry request attempt 1 at 23:15:45
78 http PUT https://registry.npmjs.org/paginatorjs
79 http 409 https://registry.npmjs.org/paginatorjs
80 verbose url raw paginatorjs
81 verbose url resolving [ 'https://registry.npmjs.org/', './paginatorjs' ]
82 verbose url resolved https://registry.npmjs.org/paginatorjs
83 info trying registry request attempt 1 at 23:15:46
84 http GET https://registry.npmjs.org/paginatorjs
85 http 200 https://registry.npmjs.org/paginatorjs
86 error publish fail Cannot publish over existing version.
86 error publish fail Update the 'version' field in package.json and try again.
86 error publish fail
86 error publish fail If the previous version was published in error, see:
86 error publish fail     npm help unpublish
86 error publish fail
86 error publish fail To automatically increment version numbers, see:
86 error publish fail     npm help version
87 error System Linux 3.11.0-14-generic
88 error command "/usr/bin/node" "/usr/bin/npm" "publish"
89 error cwd /home/brian/Desktop/paginator
90 error node -v v0.10.21
91 error npm -v 1.3.11
92 error code EPUBLISHCONFLICT
93 verbose exit [ 1, true ]
